<?xml version="1.0" encoding="UTF-8"?>
<testsuites name="jest tests" tests="22" failures="1" errors="0" time="3.09">
  <testsuite name="undefined" errors="0" failures="1" skipped="0" timestamp="2025-02-19T11:46:54" time="2.146" tests="22">
    <testcase classname=" Fetch suggestions and display them" name=" Fetch suggestions and display them" time="0.03">
    </testcase>
    <testcase classname=" Displays search results when a search is performed" name=" Displays search results when a search is performed" time="0.094">
    </testcase>
    <testcase classname=" Stores search results in sessionStorage" name=" Stores search results in sessionStorage" time="0.014">
    </testcase>
    <testcase classname=" Calls API with correct query and pagination params" name=" Calls API with correct query and pagination params" time="0.007">
    </testcase>
    <testcase classname=" Handles API failures gracefully" name=" Handles API failures gracefully" time="0.011">
    </testcase>
    <testcase classname=" Retrieves search results from sessionStorage if available" name=" Retrieves search results from sessionStorage if available" time="0.009">
    </testcase>
    <testcase classname=" Renders correct pagination buttons based on total pages" name=" Renders correct pagination buttons based on total pages" time="0.005">
    </testcase>
    <testcase classname=" Updates results when pagination button is clicked" name=" Updates results when pagination button is clicked" time="0.022">
    </testcase>
    <testcase classname=" Triggers search when Enter key is pressed" name=" Triggers search when Enter key is pressed" time="0.013">
    </testcase>
    <testcase classname=" Prevents searches with empty or too long queries" name=" Prevents searches with empty or too long queries" time="0.008">
    </testcase>
    <testcase classname=" Handles empty search results gracefully" name=" Handles empty search results gracefully" time="0.007">
    </testcase>
    <testcase classname=" Handles API failure when fetching search results" name=" Handles API failure when fetching search results" time="0.007">
    </testcase>
    <testcase classname=" Handles API failure when fetching suggestions" name=" Handles API failure when fetching suggestions" time="0.035">
    </testcase>
    <testcase classname=" Debounces getSuggestions API call correctly" name=" Debounces getSuggestions API call correctly" time="0.01">
    </testcase>
    <testcase classname=" Disables previous button on first page" name=" Disables previous button on first page" time="0.011">
    </testcase>
    <testcase classname=" Disables next button on last page" name=" Disables next button on last page" time="0.008">
    </testcase>
    <testcase classname=" Loads query from URL on page load" name=" Loads query from URL on page load" time="0.032">
    </testcase>
    <testcase classname=" Fetches search results from API" name=" Fetches search results from API" time="0.008">
    </testcase>
    <testcase classname=" Toggles microphone on click" name=" Toggles microphone on click" time="0.006">
    </testcase>
    <testcase classname=" Handles API failure when logging search" name=" Handles API failure when logging search" time="0.002">
    </testcase>
    <testcase classname=" Generates correct pagination buttons" name=" Generates correct pagination buttons" time="0.01">
    </testcase>
    <testcase classname=" Calls fetchResults with correct page number when clicking a page button" name=" Calls fetchResults with correct page number when clicking a page button" time="0.104">
      <failure>Error: expect(jest.fn()).toHaveBeenCalledWith(...expected)

Expected: &quot;test&quot;, 2

Number of calls: 0

Ignored nodes: comments, script, style
&lt;html&gt;
  &lt;head /&gt;
  &lt;body&gt;
    &lt;div
      id=&quot;pagination&quot;
    &gt;
      &lt;button
        disabled=&quot;&quot;
      &gt;
        Previous
      &lt;/button&gt;
      &lt;button
        class=&quot;active&quot;
      &gt;
        1
      &lt;/button&gt;
      &lt;button
        class=&quot;&quot;
      &gt;
        2
      &lt;/button&gt;
      &lt;button
        class=&quot;&quot;
      &gt;
        3
      &lt;/button&gt;
      &lt;button&gt;
        Next
      &lt;/button&gt;
    &lt;/div&gt;
  &lt;/body&gt;
&lt;/html&gt;
    at toHaveBeenCalledWith (C:\SearchApi\SearchEngine-frontend\script_unit.test.mjs:357:30)
    at runWithExpensiveErrorDiagnosticsDisabled (C:\SearchApi\SearchEngine-frontend\node_modules\@testing-library\dom\dist\config.js:47:12)
    at checkCallback (C:\SearchApi\SearchEngine-frontend\node_modules\@testing-library\dom\dist\wait-for.js:127:77)
    at C:\SearchApi\SearchEngine-frontend\node_modules\@testing-library\dom\dist\wait-for.js:70:9
    at processTicksAndRejections (node:internal/process/task_queues:105:5)</failure>
    </testcase>
  </testsuite>
</testsuites>