<?xml version="1.0" encoding="UTF-8"?>
<coverage generated="1740046594222" clover="3.2.0">
  <project timestamp="1740046594222" name="All files">
    <metrics statements="147" coveredstatements="140" conditionals="58" coveredconditionals="49" methods="23" coveredmethods="20" elements="228" coveredelements="209" complexity="0" loc="147" ncloc="147" packages="1" files="2" classes="2"/>
    <file name="config.mjs" path="C:\SearchApi\SearchEngine-frontend\config.mjs">
      <metrics statements="1" coveredstatements="1" conditionals="0" coveredconditionals="0" methods="0" coveredmethods="0"/>
      <line num="1" count="1" type="stmt"/>
    </file>
    <file name="script.mjs" path="C:\SearchApi\SearchEngine-frontend\script.mjs">
      <metrics statements="146" coveredstatements="139" conditionals="58" coveredconditionals="49" methods="23" coveredmethods="20"/>
      <line num="4" count="1" type="stmt"/>
      <line num="6" count="1" type="stmt"/>
      <line num="8" count="1" type="stmt"/>
      <line num="9" count="4" type="stmt"/>
      <line num="10" count="4" type="stmt"/>
      <line num="11" count="4" type="stmt"/>
      <line num="13" count="4" type="cond" truecount="4" falsecount="0"/>
      <line num="14" count="1" type="stmt"/>
      <line num="15" count="1" type="stmt"/>
      <line num="19" count="1" type="stmt"/>
      <line num="22" count="13" type="stmt"/>
      <line num="23" count="13" type="stmt"/>
      <line num="24" count="13" type="stmt"/>
      <line num="25" count="13" type="stmt"/>
      <line num="27" count="13" type="cond" truecount="4" falsecount="0"/>
      <line num="28" count="1" type="stmt"/>
      <line num="29" count="1" type="stmt"/>
      <line num="30" count="1" type="stmt"/>
      <line num="31" count="1" type="stmt"/>
      <line num="34" count="12" type="stmt"/>
      <line num="35" count="12" type="stmt"/>
      <line num="39" count="9" type="stmt"/>
      <line num="40" count="9" type="stmt"/>
      <line num="42" count="9" type="stmt"/>
      <line num="43" count="9" type="stmt"/>
      <line num="45" count="9" type="stmt"/>
      <line num="46" count="9" type="stmt"/>
      <line num="48" count="3" type="stmt"/>
      <line num="49" count="3" type="stmt"/>
      <line num="55" count="18" type="stmt"/>
      <line num="56" count="18" type="cond" truecount="2" falsecount="0"/>
      <line num="58" count="12" type="stmt"/>
      <line num="60" count="12" type="cond" truecount="2" falsecount="0"/>
      <line num="62" count="9" type="stmt"/>
      <line num="63" count="9" type="stmt"/>
      <line num="64" count="9" type="stmt"/>
      <line num="66" count="9" type="cond" truecount="2" falsecount="0"/>
      <line num="67" count="2" type="stmt"/>
      <line num="69" count="9" type="stmt"/>
      <line num="70" count="9" type="stmt"/>
      <line num="72" count="9" type="cond" truecount="2" falsecount="0"/>
      <line num="73" count="2" type="stmt"/>
      <line num="75" count="9" type="stmt"/>
      <line num="76" count="9" type="stmt"/>
      <line num="79" count="9" type="stmt"/>
      <line num="80" count="43" type="stmt"/>
      <line num="81" count="43" type="stmt"/>
      <line num="82" count="43" type="cond" truecount="2" falsecount="0"/>
      <line num="83" count="43" type="stmt"/>
      <line num="84" count="43" type="stmt"/>
      <line num="87" count="9" type="stmt"/>
      <line num="88" count="9" type="stmt"/>
      <line num="90" count="9" type="cond" truecount="2" falsecount="0"/>
      <line num="91" count="1" type="stmt"/>
      <line num="93" count="9" type="stmt"/>
      <line num="94" count="9" type="stmt"/>
      <line num="95" count="9" type="stmt"/>
      <line num="99" count="11" type="stmt"/>
      <line num="100" count="11" type="cond" truecount="2" falsecount="0"/>
      <line num="102" count="8" type="stmt"/>
      <line num="103" count="8" type="stmt"/>
      <line num="104" count="10" type="stmt"/>
      <line num="105" count="10" type="stmt"/>
      <line num="106" count="10" type="stmt"/>
      <line num="107" count="10" type="stmt"/>
      <line num="111" count="1" type="stmt"/>
      <line num="112" count="4" type="stmt"/>
      <line num="113" count="4" type="stmt"/>
      <line num="115" count="4" type="cond" truecount="1" falsecount="1"/>
      <line num="116" count="4" type="stmt"/>
      <line num="117" count="4" type="stmt"/>
      <line num="118" count="5" type="cond" truecount="2" falsecount="0"/>
      <line num="119" count="4" type="stmt"/>
      <line num="120" count="4" type="cond" truecount="4" falsecount="0"/>
      <line num="121" count="1" type="stmt"/>
      <line num="122" count="1" type="stmt"/>
      <line num="123" count="1" type="stmt"/>
      <line num="124" count="1" type="stmt"/>
      <line num="127" count="3" type="stmt"/>
      <line num="128" count="3" type="stmt"/>
      <line num="129" count="1" type="stmt"/>
      <line num="133" count="4" type="stmt"/>
      <line num="134" count="0" type="stmt"/>
      <line num="135" count="0" type="cond" truecount="0" falsecount="2"/>
      <line num="136" count="0" type="stmt"/>
      <line num="137" count="0" type="cond" truecount="0" falsecount="2"/>
      <line num="138" count="0" type="stmt"/>
      <line num="139" count="0" type="stmt"/>
      <line num="140" count="0" type="stmt"/>
      <line num="148" count="7" type="stmt"/>
      <line num="150" count="7" type="stmt"/>
      <line num="153" count="7" type="stmt"/>
      <line num="155" count="7" type="stmt"/>
      <line num="158" count="6" type="stmt"/>
      <line num="159" count="6" type="stmt"/>
      <line num="161" count="6" type="cond" truecount="4" falsecount="0"/>
      <line num="162" count="5" type="stmt"/>
      <line num="163" count="5" type="stmt"/>
      <line num="164" count="7" type="stmt"/>
      <line num="165" count="7" type="stmt"/>
      <line num="167" count="7" type="stmt"/>
      <line num="168" count="7" type="cond" truecount="2" falsecount="0"/>
      <line num="170" count="7" type="stmt"/>
      <line num="171" count="7" type="cond" truecount="2" falsecount="0"/>
      <line num="172" count="7" type="stmt"/>
      <line num="174" count="7" type="stmt"/>
      <line num="175" count="7" type="stmt"/>
      <line num="177" count="7" type="stmt"/>
      <line num="178" count="1" type="stmt"/>
      <line num="179" count="1" type="cond" truecount="1" falsecount="1"/>
      <line num="180" count="1" type="cond" truecount="1" falsecount="1"/>
      <line num="182" count="1" type="stmt"/>
      <line num="183" count="1" type="stmt"/>
      <line num="186" count="7" type="stmt"/>
      <line num="189" count="1" type="stmt"/>
      <line num="192" count="1" type="stmt"/>
      <line num="199" count="1" type="stmt"/>
      <line num="200" count="1" type="stmt"/>
      <line num="204" count="1" type="stmt"/>
      <line num="209" count="9" type="stmt"/>
      <line num="210" count="9" type="stmt"/>
      <line num="212" count="9" type="cond" truecount="2" falsecount="0"/>
      <line num="214" count="5" type="cond" truecount="4" falsecount="0"/>
      <line num="215" count="1" type="stmt"/>
      <line num="216" count="1" type="stmt"/>
      <line num="219" count="4" type="cond" truecount="1" falsecount="1"/>
      <line num="220" count="4" type="stmt"/>
      <line num="222" count="4" type="stmt"/>
      <line num="223" count="4" type="stmt"/>
      <line num="224" count="4" type="stmt"/>
      <line num="226" count="4" type="stmt"/>
      <line num="227" count="4" type="cond" truecount="2" falsecount="0"/>
      <line num="228" count="2" type="stmt"/>
      <line num="229" count="2" type="stmt"/>
      <line num="231" count="2" type="stmt"/>
      <line num="232" count="2" type="stmt"/>
      <line num="236" count="4" type="stmt"/>
      <line num="237" count="1" type="cond" truecount="1" falsecount="1"/>
      <line num="238" count="1" type="stmt"/>
      <line num="239" count="1" type="stmt"/>
      <line num="240" count="1" type="stmt"/>
      <line num="245" count="4" type="stmt"/>
      <line num="246" count="4" type="stmt"/>
      <line num="248" count="4" type="stmt"/>
      <line num="250" count="1" type="stmt"/>
      <line num="251" count="4" type="stmt"/>
    </file>
  </project>
</coverage>
