{"C:\\SearchApi\\SearchEngine-frontend\\config.mjs": {"path":"C:\\SearchApi\\SearchEngine-frontend\\config.mjs","statementMap":{"0":{"start":{"line":1,"column":22},"end":{"line":3,"column":1}}},"fnMap":{},"branchMap":{},"s":{"0":1},"f":{},"b":{},"_coverageSchema":"1a1c01bbd47fc00a2c39e90264f33305004495a9","hash":"91c25d0ae107a331ab7078d36f50e1d352ae2928"}
,"C:\\SearchApi\\SearchEngine-frontend\\script.mjs": {"path":"C:\\SearchApi\\SearchEngine-frontend\\script.mjs","statementMap":{"0":{"start":{"line":4,"column":17},"end":{"line":4,"column":19}},"1":{"start":{"line":6,"column":25},"end":{"line":6,"column":27}},"2":{"start":{"line":8,"column":0},"end":{"line":17,"column":3}},"3":{"start":{"line":9,"column":24},"end":{"line":9,"column":67}},"4":{"start":{"line":10,"column":18},"end":{"line":10,"column":42}},"5":{"start":{"line":11,"column":22},"end":{"line":11,"column":59}},"6":{"start":{"line":13,"column":4},"end":{"line":16,"column":5}},"7":{"start":{"line":14,"column":8},"end":{"line":14,"column":32}},"8":{"start":{"line":15,"column":8},"end":{"line":15,"column":31}},"9":{"start":{"line":19,"column":21},"end":{"line":19,"column":34}},"10":{"start":{"line":22,"column":4},"end":{"line":50,"column":5}},"11":{"start":{"line":23,"column":25},"end":{"line":23,"column":55}},"12":{"start":{"line":24,"column":27},"end":{"line":24,"column":59}},"13":{"start":{"line":25,"column":35},"end":{"line":25,"column":89}},"14":{"start":{"line":27,"column":8},"end":{"line":32,"column":9}},"15":{"start":{"line":28,"column":12},"end":{"line":28,"column":57}},"16":{"start":{"line":29,"column":12},"end":{"line":29,"column":50}},"17":{"start":{"line":30,"column":12},"end":{"line":30,"column":84}},"18":{"start":{"line":31,"column":12},"end":{"line":31,"column":19}},"19":{"start":{"line":34,"column":8},"end":{"line":34,"column":44}},"20":{"start":{"line":35,"column":25},"end":{"line":37,"column":10}},"21":{"start":{"line":39,"column":42},"end":{"line":39,"column":55}},"22":{"start":{"line":40,"column":27},"end":{"line":40,"column":61}},"23":{"start":{"line":42,"column":8},"end":{"line":42,"column":66}},"24":{"start":{"line":43,"column":8},"end":{"line":43,"column":77}},"25":{"start":{"line":45,"column":8},"end":{"line":45,"column":31}},"26":{"start":{"line":46,"column":8},"end":{"line":46,"column":50}},"27":{"start":{"line":48,"column":8},"end":{"line":48,"column":63}},"28":{"start":{"line":49,"column":8},"end":{"line":49,"column":20}},"29":{"start":{"line":55,"column":32},"end":{"line":55,"column":69}},"30":{"start":{"line":56,"column":4},"end":{"line":56,"column":37}},"31":{"start":{"line":56,"column":30},"end":{"line":56,"column":37}},"32":{"start":{"line":58,"column":4},"end":{"line":58,"column":39}},"33":{"start":{"line":60,"column":4},"end":{"line":60,"column":32}},"34":{"start":{"line":60,"column":25},"end":{"line":60,"column":32}},"35":{"start":{"line":62,"column":27},"end":{"line":62,"column":28}},"36":{"start":{"line":63,"column":20},"end":{"line":63,"column":77}},"37":{"start":{"line":64,"column":18},"end":{"line":64,"column":70}},"38":{"start":{"line":66,"column":4},"end":{"line":68,"column":5}},"39":{"start":{"line":67,"column":8},"end":{"line":67,"column":62}},"40":{"start":{"line":69,"column":23},"end":{"line":69,"column":55}},"41":{"start":{"line":70,"column":4},"end":{"line":70,"column":40}},"42":{"start":{"line":72,"column":4},"end":{"line":74,"column":5}},"43":{"start":{"line":73,"column":8},"end":{"line":73,"column":35}},"44":{"start":{"line":75,"column":4},"end":{"line":75,"column":68}},"45":{"start":{"line":75,"column":31},"end":{"line":75,"column":67}},"46":{"start":{"line":76,"column":4},"end":{"line":76,"column":48}},"47":{"start":{"line":79,"column":4},"end":{"line":85,"column":5}},"48":{"start":{"line":79,"column":17},"end":{"line":79,"column":26}},"49":{"start":{"line":80,"column":25},"end":{"line":80,"column":57}},"50":{"start":{"line":81,"column":8},"end":{"line":81,"column":33}},"51":{"start":{"line":82,"column":8},"end":{"line":82,"column":63}},"52":{"start":{"line":83,"column":8},"end":{"line":83,"column":56}},"53":{"start":{"line":83,"column":33},"end":{"line":83,"column":55}},"54":{"start":{"line":84,"column":8},"end":{"line":84,"column":50}},"55":{"start":{"line":87,"column":23},"end":{"line":87,"column":55}},"56":{"start":{"line":88,"column":4},"end":{"line":88,"column":36}},"57":{"start":{"line":90,"column":4},"end":{"line":92,"column":5}},"58":{"start":{"line":91,"column":8},"end":{"line":91,"column":35}},"59":{"start":{"line":93,"column":4},"end":{"line":93,"column":67}},"60":{"start":{"line":94,"column":4},"end":{"line":94,"column":68}},"61":{"start":{"line":94,"column":31},"end":{"line":94,"column":67}},"62":{"start":{"line":95,"column":4},"end":{"line":95,"column":48}},"63":{"start":{"line":99,"column":29},"end":{"line":99,"column":70}},"64":{"start":{"line":100,"column":4},"end":{"line":100,"column":34}},"65":{"start":{"line":100,"column":27},"end":{"line":100,"column":34}},"66":{"start":{"line":102,"column":4},"end":{"line":102,"column":36}},"67":{"start":{"line":103,"column":4},"end":{"line":108,"column":7}},"68":{"start":{"line":104,"column":20},"end":{"line":104,"column":49}},"69":{"start":{"line":105,"column":8},"end":{"line":105,"column":40}},"70":{"start":{"line":106,"column":8},"end":{"line":106,"column":66}},"71":{"start":{"line":107,"column":8},"end":{"line":107,"column":42}},"72":{"start":{"line":111,"column":0},"end":{"line":142,"column":3}},"73":{"start":{"line":112,"column":22},"end":{"line":112,"column":59}},"74":{"start":{"line":113,"column":33},"end":{"line":113,"column":71}},"75":{"start":{"line":115,"column":4},"end":{"line":141,"column":5}},"76":{"start":{"line":116,"column":8},"end":{"line":130,"column":11}},"77":{"start":{"line":117,"column":12},"end":{"line":117,"column":46}},"78":{"start":{"line":117,"column":39},"end":{"line":117,"column":46}},"79":{"start":{"line":118,"column":26},"end":{"line":118,"column":43}},"80":{"start":{"line":119,"column":12},"end":{"line":124,"column":13}},"81":{"start":{"line":120,"column":16},"end":{"line":120,"column":52}},"82":{"start":{"line":121,"column":16},"end":{"line":121,"column":60}},"83":{"start":{"line":122,"column":16},"end":{"line":122,"column":89}},"84":{"start":{"line":123,"column":16},"end":{"line":123,"column":23}},"85":{"start":{"line":126,"column":12},"end":{"line":126,"column":42}},"86":{"start":{"line":127,"column":12},"end":{"line":129,"column":20}},"87":{"start":{"line":128,"column":16},"end":{"line":128,"column":44}},"88":{"start":{"line":132,"column":8},"end":{"line":140,"column":11}},"89":{"start":{"line":133,"column":12},"end":{"line":139,"column":13}},"90":{"start":{"line":134,"column":30},"end":{"line":134,"column":47}},"91":{"start":{"line":135,"column":16},"end":{"line":138,"column":17}},"92":{"start":{"line":136,"column":20},"end":{"line":136,"column":43}},"93":{"start":{"line":137,"column":20},"end":{"line":137,"column":92}},"94":{"start":{"line":145,"column":33},"end":{"line":145,"column":71}},"95":{"start":{"line":148,"column":4},"end":{"line":188,"column":5}},"96":{"start":{"line":150,"column":25},"end":{"line":152,"column":10}},"97":{"start":{"line":153,"column":8},"end":{"line":153,"column":44}},"98":{"start":{"line":154,"column":28},"end":{"line":154,"column":41}},"99":{"start":{"line":156,"column":8},"end":{"line":185,"column":9}},"100":{"start":{"line":157,"column":12},"end":{"line":157,"column":57}},"101":{"start":{"line":158,"column":12},"end":{"line":182,"column":15}},"102":{"start":{"line":159,"column":28},"end":{"line":159,"column":57}},"103":{"start":{"line":160,"column":16},"end":{"line":160,"column":50}},"104":{"start":{"line":162,"column":29},"end":{"line":162,"column":56}},"105":{"start":{"line":163,"column":16},"end":{"line":163,"column":119}},"106":{"start":{"line":165,"column":29},"end":{"line":165,"column":59}},"107":{"start":{"line":166,"column":16},"end":{"line":166,"column":65}},"108":{"start":{"line":167,"column":16},"end":{"line":167,"column":51}},"109":{"start":{"line":169,"column":16},"end":{"line":169,"column":38}},"110":{"start":{"line":170,"column":16},"end":{"line":170,"column":38}},"111":{"start":{"line":172,"column":16},"end":{"line":179,"column":18}},"112":{"start":{"line":173,"column":38},"end":{"line":173,"column":75}},"113":{"start":{"line":174,"column":20},"end":{"line":176,"column":21}},"114":{"start":{"line":175,"column":24},"end":{"line":175,"column":72}},"115":{"start":{"line":177,"column":20},"end":{"line":177,"column":56}},"116":{"start":{"line":178,"column":20},"end":{"line":178,"column":64}},"117":{"start":{"line":181,"column":16},"end":{"line":181,"column":54}},"118":{"start":{"line":184,"column":12},"end":{"line":184,"column":56}},"119":{"start":{"line":187,"column":8},"end":{"line":187,"column":20}},"120":{"start":{"line":194,"column":4},"end":{"line":200,"column":5}},"121":{"start":{"line":195,"column":8},"end":{"line":197,"column":11}},"122":{"start":{"line":199,"column":8},"end":{"line":199,"column":54}},"123":{"start":{"line":204,"column":22},"end":{"line":204,"column":59}},"124":{"start":{"line":205,"column":20},"end":{"line":205,"column":55}},"125":{"start":{"line":207,"column":4},"end":{"line":207,"column":25}},"126":{"start":{"line":207,"column":18},"end":{"line":207,"column":25}},"127":{"start":{"line":209,"column":4},"end":{"line":212,"column":5}},"128":{"start":{"line":210,"column":8},"end":{"line":210,"column":39}},"129":{"start":{"line":211,"column":8},"end":{"line":211,"column":15}},"130":{"start":{"line":214,"column":30},"end":{"line":214,"column":88}},"131":{"start":{"line":215,"column":24},"end":{"line":215,"column":47}},"132":{"start":{"line":217,"column":4},"end":{"line":217,"column":35}},"133":{"start":{"line":218,"column":4},"end":{"line":218,"column":31}},"134":{"start":{"line":219,"column":4},"end":{"line":219,"column":39}},"135":{"start":{"line":221,"column":4},"end":{"line":229,"column":7}},"136":{"start":{"line":222,"column":8},"end":{"line":228,"column":9}},"137":{"start":{"line":223,"column":12},"end":{"line":223,"column":48}},"138":{"start":{"line":224,"column":12},"end":{"line":224,"column":32}},"139":{"start":{"line":226,"column":12},"end":{"line":226,"column":51}},"140":{"start":{"line":227,"column":12},"end":{"line":227,"column":31}},"141":{"start":{"line":231,"column":4},"end":{"line":238,"column":6}},"142":{"start":{"line":232,"column":8},"end":{"line":237,"column":9}},"143":{"start":{"line":233,"column":12},"end":{"line":233,"column":61}},"144":{"start":{"line":234,"column":12},"end":{"line":236,"column":21}},"145":{"start":{"line":235,"column":16},"end":{"line":235,"column":98}},"146":{"start":{"line":240,"column":4},"end":{"line":240,"column":71}},"147":{"start":{"line":240,"column":32},"end":{"line":240,"column":70}},"148":{"start":{"line":241,"column":4},"end":{"line":241,"column":69}},"149":{"start":{"line":241,"column":30},"end":{"line":241,"column":68}},"150":{"start":{"line":243,"column":4},"end":{"line":243,"column":23}},"151":{"start":{"line":245,"column":0},"end":{"line":247,"column":3}},"152":{"start":{"line":246,"column":4},"end":{"line":246,"column":22}}},"fnMap":{"0":{"name":"(anonymous_0)","decl":{"start":{"line":8,"column":46},"end":{"line":8,"column":47}},"loc":{"start":{"line":8,"column":58},"end":{"line":17,"column":1}},"line":8},"1":{"name":"fetchResults","decl":{"start":{"line":21,"column":22},"end":{"line":21,"column":34}},"loc":{"start":{"line":21,"column":48},"end":{"line":51,"column":1}},"line":21},"2":{"name":"renderPagination","decl":{"start":{"line":54,"column":16},"end":{"line":54,"column":32}},"loc":{"start":{"line":54,"column":65},"end":{"line":96,"column":1}},"line":54},"3":{"name":"(anonymous_3)","decl":{"start":{"line":75,"column":25},"end":{"line":75,"column":26}},"loc":{"start":{"line":75,"column":31},"end":{"line":75,"column":67}},"line":75},"4":{"name":"(anonymous_4)","decl":{"start":{"line":83,"column":27},"end":{"line":83,"column":28}},"loc":{"start":{"line":83,"column":33},"end":{"line":83,"column":55}},"line":83},"5":{"name":"(anonymous_5)","decl":{"start":{"line":94,"column":25},"end":{"line":94,"column":26}},"loc":{"start":{"line":94,"column":31},"end":{"line":94,"column":67}},"line":94},"6":{"name":"renderResults","decl":{"start":{"line":98,"column":9},"end":{"line":98,"column":22}},"loc":{"start":{"line":98,"column":32},"end":{"line":109,"column":1}},"line":98},"7":{"name":"(anonymous_7)","decl":{"start":{"line":103,"column":20},"end":{"line":103,"column":21}},"loc":{"start":{"line":103,"column":32},"end":{"line":108,"column":5}},"line":103},"8":{"name":"(anonymous_8)","decl":{"start":{"line":111,"column":46},"end":{"line":111,"column":47}},"loc":{"start":{"line":111,"column":52},"end":{"line":142,"column":1}},"line":111},"9":{"name":"(anonymous_9)","decl":{"start":{"line":116,"column":44},"end":{"line":116,"column":45}},"loc":{"start":{"line":116,"column":56},"end":{"line":130,"column":9}},"line":116},"10":{"name":"(anonymous_10)","decl":{"start":{"line":127,"column":41},"end":{"line":127,"column":42}},"loc":{"start":{"line":127,"column":59},"end":{"line":129,"column":13}},"line":127},"11":{"name":"(anonymous_11)","decl":{"start":{"line":132,"column":46},"end":{"line":132,"column":47}},"loc":{"start":{"line":132,"column":65},"end":{"line":140,"column":9}},"line":132},"12":{"name":"getSuggestions","decl":{"start":{"line":144,"column":22},"end":{"line":144,"column":36}},"loc":{"start":{"line":144,"column":44},"end":{"line":189,"column":1}},"line":144},"13":{"name":"(anonymous_13)","decl":{"start":{"line":158,"column":32},"end":{"line":158,"column":33}},"loc":{"start":{"line":158,"column":48},"end":{"line":182,"column":13}},"line":158},"14":{"name":"(anonymous_14)","decl":{"start":{"line":172,"column":30},"end":{"line":172,"column":31}},"loc":{"start":{"line":172,"column":36},"end":{"line":179,"column":17}},"line":172},"15":{"name":"logSearch","decl":{"start":{"line":193,"column":22},"end":{"line":193,"column":31}},"loc":{"start":{"line":193,"column":39},"end":{"line":201,"column":1}},"line":193},"16":{"name":"setupMicrophone","decl":{"start":{"line":203,"column":16},"end":{"line":203,"column":31}},"loc":{"start":{"line":203,"column":34},"end":{"line":244,"column":1}},"line":203},"17":{"name":"(anonymous_17)","decl":{"start":{"line":221,"column":38},"end":{"line":221,"column":39}},"loc":{"start":{"line":221,"column":44},"end":{"line":229,"column":5}},"line":221},"18":{"name":"(anonymous_18)","decl":{"start":{"line":231,"column":27},"end":{"line":231,"column":28}},"loc":{"start":{"line":231,"column":38},"end":{"line":238,"column":5}},"line":231},"19":{"name":"(anonymous_19)","decl":{"start":{"line":234,"column":23},"end":{"line":234,"column":24}},"loc":{"start":{"line":234,"column":29},"end":{"line":236,"column":13}},"line":234},"20":{"name":"(anonymous_20)","decl":{"start":{"line":240,"column":26},"end":{"line":240,"column":27}},"loc":{"start":{"line":240,"column":32},"end":{"line":240,"column":70}},"line":240},"21":{"name":"(anonymous_21)","decl":{"start":{"line":241,"column":24},"end":{"line":241,"column":25}},"loc":{"start":{"line":241,"column":30},"end":{"line":241,"column":68}},"line":241},"22":{"name":"(anonymous_22)","decl":{"start":{"line":245,"column":46},"end":{"line":245,"column":47}},"loc":{"start":{"line":245,"column":52},"end":{"line":247,"column":1}},"line":245}},"branchMap":{"0":{"loc":{"start":{"line":13,"column":4},"end":{"line":16,"column":5}},"type":"if","locations":[{"start":{"line":13,"column":4},"end":{"line":16,"column":5}},{"start":{},"end":{}}],"line":13},"1":{"loc":{"start":{"line":13,"column":8},"end":{"line":13,"column":26}},"type":"binary-expr","locations":[{"start":{"line":13,"column":8},"end":{"line":13,"column":13}},{"start":{"line":13,"column":17},"end":{"line":13,"column":26}}],"line":13},"2":{"loc":{"start":{"line":27,"column":8},"end":{"line":32,"column":9}},"type":"if","locations":[{"start":{"line":27,"column":8},"end":{"line":32,"column":9}},{"start":{},"end":{}}],"line":27},"3":{"loc":{"start":{"line":27,"column":12},"end":{"line":27,"column":44}},"type":"binary-expr","locations":[{"start":{"line":27,"column":12},"end":{"line":27,"column":22}},{"start":{"line":27,"column":26},"end":{"line":27,"column":44}}],"line":27},"4":{"loc":{"start":{"line":56,"column":4},"end":{"line":56,"column":37}},"type":"if","locations":[{"start":{"line":56,"column":4},"end":{"line":56,"column":37}},{"start":{},"end":{}}],"line":56},"5":{"loc":{"start":{"line":60,"column":4},"end":{"line":60,"column":32}},"type":"if","locations":[{"start":{"line":60,"column":4},"end":{"line":60,"column":32}},{"start":{},"end":{}}],"line":60},"6":{"loc":{"start":{"line":66,"column":4},"end":{"line":68,"column":5}},"type":"if","locations":[{"start":{"line":66,"column":4},"end":{"line":68,"column":5}},{"start":{},"end":{}}],"line":66},"7":{"loc":{"start":{"line":72,"column":4},"end":{"line":74,"column":5}},"type":"if","locations":[{"start":{"line":72,"column":4},"end":{"line":74,"column":5}},{"start":{},"end":{}}],"line":72},"8":{"loc":{"start":{"line":82,"column":29},"end":{"line":82,"column":62}},"type":"cond-expr","locations":[{"start":{"line":82,"column":49},"end":{"line":82,"column":57}},{"start":{"line":82,"column":60},"end":{"line":82,"column":62}}],"line":82},"9":{"loc":{"start":{"line":90,"column":4},"end":{"line":92,"column":5}},"type":"if","locations":[{"start":{"line":90,"column":4},"end":{"line":92,"column":5}},{"start":{},"end":{}}],"line":90},"10":{"loc":{"start":{"line":100,"column":4},"end":{"line":100,"column":34}},"type":"if","locations":[{"start":{"line":100,"column":4},"end":{"line":100,"column":34}},{"start":{},"end":{}}],"line":100},"11":{"loc":{"start":{"line":115,"column":4},"end":{"line":141,"column":5}},"type":"if","locations":[{"start":{"line":115,"column":4},"end":{"line":141,"column":5}},{"start":{},"end":{}}],"line":115},"12":{"loc":{"start":{"line":117,"column":12},"end":{"line":117,"column":46}},"type":"if","locations":[{"start":{"line":117,"column":12},"end":{"line":117,"column":46}},{"start":{},"end":{}}],"line":117},"13":{"loc":{"start":{"line":119,"column":12},"end":{"line":124,"column":13}},"type":"if","locations":[{"start":{"line":119,"column":12},"end":{"line":124,"column":13}},{"start":{},"end":{}}],"line":119},"14":{"loc":{"start":{"line":119,"column":16},"end":{"line":119,"column":57}},"type":"binary-expr","locations":[{"start":{"line":119,"column":16},"end":{"line":119,"column":22}},{"start":{"line":119,"column":26},"end":{"line":119,"column":57}}],"line":119},"15":{"loc":{"start":{"line":133,"column":12},"end":{"line":139,"column":13}},"type":"if","locations":[{"start":{"line":133,"column":12},"end":{"line":139,"column":13}},{"start":{},"end":{}}],"line":133},"16":{"loc":{"start":{"line":135,"column":16},"end":{"line":138,"column":17}},"type":"if","locations":[{"start":{"line":135,"column":16},"end":{"line":138,"column":17}},{"start":{},"end":{}}],"line":135},"17":{"loc":{"start":{"line":156,"column":8},"end":{"line":185,"column":9}},"type":"if","locations":[{"start":{"line":156,"column":8},"end":{"line":185,"column":9}},{"start":{"line":183,"column":15},"end":{"line":185,"column":9}}],"line":156},"18":{"loc":{"start":{"line":156,"column":12},"end":{"line":156,"column":49}},"type":"binary-expr","locations":[{"start":{"line":156,"column":12},"end":{"line":156,"column":23}},{"start":{"line":156,"column":27},"end":{"line":156,"column":49}}],"line":156},"19":{"loc":{"start":{"line":163,"column":33},"end":{"line":163,"column":118}},"type":"cond-expr","locations":[{"start":{"line":163,"column":56},"end":{"line":163,"column":85}},{"start":{"line":163,"column":88},"end":{"line":163,"column":118}}],"line":163},"20":{"loc":{"start":{"line":166,"column":35},"end":{"line":166,"column":64}},"type":"binary-expr","locations":[{"start":{"line":166,"column":35},"end":{"line":166,"column":50}},{"start":{"line":166,"column":54},"end":{"line":166,"column":64}}],"line":166},"21":{"loc":{"start":{"line":174,"column":20},"end":{"line":176,"column":21}},"type":"if","locations":[{"start":{"line":174,"column":20},"end":{"line":176,"column":21}},{"start":{},"end":{}}],"line":174},"22":{"loc":{"start":{"line":175,"column":42},"end":{"line":175,"column":71}},"type":"binary-expr","locations":[{"start":{"line":175,"column":42},"end":{"line":175,"column":57}},{"start":{"line":175,"column":61},"end":{"line":175,"column":71}}],"line":175},"23":{"loc":{"start":{"line":207,"column":4},"end":{"line":207,"column":25}},"type":"if","locations":[{"start":{"line":207,"column":4},"end":{"line":207,"column":25}},{"start":{},"end":{}}],"line":207},"24":{"loc":{"start":{"line":209,"column":4},"end":{"line":212,"column":5}},"type":"if","locations":[{"start":{"line":209,"column":4},"end":{"line":212,"column":5}},{"start":{},"end":{}}],"line":209},"25":{"loc":{"start":{"line":209,"column":10},"end":{"line":209,"column":78}},"type":"binary-expr","locations":[{"start":{"line":209,"column":10},"end":{"line":209,"column":45}},{"start":{"line":209,"column":49},"end":{"line":209,"column":78}}],"line":209},"26":{"loc":{"start":{"line":214,"column":30},"end":{"line":214,"column":88}},"type":"binary-expr","locations":[{"start":{"line":214,"column":30},"end":{"line":214,"column":54}},{"start":{"line":214,"column":58},"end":{"line":214,"column":88}}],"line":214},"27":{"loc":{"start":{"line":222,"column":8},"end":{"line":228,"column":9}},"type":"if","locations":[{"start":{"line":222,"column":8},"end":{"line":228,"column":9}},{"start":{"line":225,"column":15},"end":{"line":228,"column":9}}],"line":222},"28":{"loc":{"start":{"line":232,"column":8},"end":{"line":237,"column":9}},"type":"if","locations":[{"start":{"line":232,"column":8},"end":{"line":237,"column":9}},{"start":{},"end":{}}],"line":232}},"s":{"0":1,"1":1,"2":1,"3":1,"4":1,"5":1,"6":1,"7":1,"8":1,"9":1,"10":11,"11":11,"12":11,"13":11,"14":11,"15":1,"16":1,"17":1,"18":1,"19":10,"20":10,"21":6,"22":6,"23":6,"24":6,"25":6,"26":6,"27":4,"28":4,"29":9,"30":9,"31":6,"32":3,"33":3,"34":1,"35":2,"36":2,"37":2,"38":2,"39":1,"40":2,"41":2,"42":2,"43":1,"44":2,"45":0,"46":2,"47":2,"48":2,"49":8,"50":8,"51":8,"52":8,"53":1,"54":8,"55":2,"56":2,"57":2,"58":0,"59":2,"60":2,"61":0,"62":2,"63":7,"64":7,"65":1,"66":6,"67":6,"68":7,"69":7,"70":7,"71":7,"72":1,"73":1,"74":1,"75":1,"76":1,"77":0,"78":0,"79":0,"80":0,"81":0,"82":0,"83":0,"84":0,"85":0,"86":0,"87":0,"88":1,"89":0,"90":0,"91":0,"92":0,"93":0,"94":3,"95":3,"96":3,"97":2,"98":2,"99":2,"100":2,"101":2,"102":4,"103":4,"104":4,"105":4,"106":4,"107":4,"108":4,"109":4,"110":4,"111":4,"112":0,"113":0,"114":0,"115":0,"116":0,"117":4,"118":0,"119":1,"120":1,"121":1,"122":1,"123":2,"124":2,"125":2,"126":1,"127":1,"128":0,"129":0,"130":1,"131":1,"132":1,"133":1,"134":1,"135":1,"136":2,"137":1,"138":1,"139":1,"140":1,"141":1,"142":0,"143":0,"144":0,"145":0,"146":1,"147":0,"148":1,"149":0,"150":1,"151":1,"152":1},"f":{"0":1,"1":11,"2":9,"3":0,"4":1,"5":0,"6":7,"7":7,"8":1,"9":0,"10":0,"11":0,"12":3,"13":4,"14":0,"15":1,"16":2,"17":2,"18":0,"19":0,"20":0,"21":0,"22":1},"b":{"0":[1,0],"1":[1,1],"2":[1,10],"3":[11,1],"4":[6,3],"5":[1,2],"6":[1,1],"7":[1,1],"8":[2,6],"9":[0,2],"10":[1,6],"11":[1,0],"12":[0,0],"13":[0,0],"14":[0,0],"15":[0,0],"16":[0,0],"17":[2,0],"18":[2,2],"19":[0,4],"20":[4,4],"21":[0,0],"22":[0,0],"23":[1,1],"24":[0,1],"25":[1,1],"26":[1,0],"27":[1,1],"28":[0,0]},"_coverageSchema":"1a1c01bbd47fc00a2c39e90264f33305004495a9","hash":"0abeb79a7afe9f0a7232df28eda1ca51b5bcc1c5"}
}
