{"C:\\SearchApi\\SearchEngine-frontend\\config.mjs": {"path":"C:\\SearchApi\\SearchEngine-frontend\\config.mjs","statementMap":{"0":{"start":{"line":1,"column":22},"end":{"line":3,"column":1}}},"fnMap":{},"branchMap":{},"s":{"0":1},"f":{},"b":{},"_coverageSchema":"1a1c01bbd47fc00a2c39e90264f33305004495a9","hash":"91c25d0ae107a331ab7078d36f50e1d352ae2928"}
,"C:\\SearchApi\\SearchEngine-frontend\\script.mjs": {"path":"C:\\SearchApi\\SearchEngine-frontend\\script.mjs","statementMap":{"0":{"start":{"line":4,"column":17},"end":{"line":4,"column":19}},"1":{"start":{"line":6,"column":25},"end":{"line":6,"column":27}},"2":{"start":{"line":8,"column":0},"end":{"line":17,"column":3}},"3":{"start":{"line":9,"column":24},"end":{"line":9,"column":67}},"4":{"start":{"line":10,"column":18},"end":{"line":10,"column":42}},"5":{"start":{"line":11,"column":22},"end":{"line":11,"column":59}},"6":{"start":{"line":13,"column":4},"end":{"line":16,"column":5}},"7":{"start":{"line":14,"column":8},"end":{"line":14,"column":32}},"8":{"start":{"line":15,"column":8},"end":{"line":15,"column":31}},"9":{"start":{"line":19,"column":21},"end":{"line":19,"column":34}},"10":{"start":{"line":22,"column":4},"end":{"line":50,"column":5}},"11":{"start":{"line":23,"column":25},"end":{"line":23,"column":55}},"12":{"start":{"line":24,"column":27},"end":{"line":24,"column":59}},"13":{"start":{"line":25,"column":35},"end":{"line":25,"column":89}},"14":{"start":{"line":27,"column":8},"end":{"line":32,"column":9}},"15":{"start":{"line":28,"column":12},"end":{"line":28,"column":57}},"16":{"start":{"line":29,"column":12},"end":{"line":29,"column":50}},"17":{"start":{"line":30,"column":12},"end":{"line":30,"column":84}},"18":{"start":{"line":31,"column":12},"end":{"line":31,"column":19}},"19":{"start":{"line":34,"column":8},"end":{"line":34,"column":44}},"20":{"start":{"line":35,"column":25},"end":{"line":37,"column":10}},"21":{"start":{"line":39,"column":42},"end":{"line":39,"column":55}},"22":{"start":{"line":40,"column":27},"end":{"line":40,"column":61}},"23":{"start":{"line":42,"column":8},"end":{"line":42,"column":66}},"24":{"start":{"line":43,"column":8},"end":{"line":43,"column":77}},"25":{"start":{"line":45,"column":8},"end":{"line":45,"column":31}},"26":{"start":{"line":46,"column":8},"end":{"line":46,"column":50}},"27":{"start":{"line":48,"column":8},"end":{"line":48,"column":63}},"28":{"start":{"line":49,"column":8},"end":{"line":49,"column":20}},"29":{"start":{"line":55,"column":32},"end":{"line":55,"column":69}},"30":{"start":{"line":56,"column":4},"end":{"line":56,"column":37}},"31":{"start":{"line":56,"column":30},"end":{"line":56,"column":37}},"32":{"start":{"line":58,"column":4},"end":{"line":58,"column":39}},"33":{"start":{"line":60,"column":4},"end":{"line":60,"column":32}},"34":{"start":{"line":60,"column":25},"end":{"line":60,"column":32}},"35":{"start":{"line":62,"column":27},"end":{"line":62,"column":28}},"36":{"start":{"line":63,"column":20},"end":{"line":63,"column":77}},"37":{"start":{"line":64,"column":18},"end":{"line":64,"column":70}},"38":{"start":{"line":66,"column":4},"end":{"line":68,"column":5}},"39":{"start":{"line":67,"column":8},"end":{"line":67,"column":62}},"40":{"start":{"line":69,"column":23},"end":{"line":69,"column":55}},"41":{"start":{"line":70,"column":4},"end":{"line":70,"column":40}},"42":{"start":{"line":72,"column":4},"end":{"line":74,"column":5}},"43":{"start":{"line":73,"column":8},"end":{"line":73,"column":35}},"44":{"start":{"line":75,"column":4},"end":{"line":75,"column":68}},"45":{"start":{"line":75,"column":31},"end":{"line":75,"column":67}},"46":{"start":{"line":76,"column":4},"end":{"line":76,"column":48}},"47":{"start":{"line":79,"column":4},"end":{"line":85,"column":5}},"48":{"start":{"line":79,"column":17},"end":{"line":79,"column":26}},"49":{"start":{"line":80,"column":25},"end":{"line":80,"column":57}},"50":{"start":{"line":81,"column":8},"end":{"line":81,"column":33}},"51":{"start":{"line":82,"column":8},"end":{"line":82,"column":63}},"52":{"start":{"line":83,"column":8},"end":{"line":83,"column":56}},"53":{"start":{"line":83,"column":33},"end":{"line":83,"column":55}},"54":{"start":{"line":84,"column":8},"end":{"line":84,"column":50}},"55":{"start":{"line":87,"column":23},"end":{"line":87,"column":55}},"56":{"start":{"line":88,"column":4},"end":{"line":88,"column":36}},"57":{"start":{"line":90,"column":4},"end":{"line":92,"column":5}},"58":{"start":{"line":91,"column":8},"end":{"line":91,"column":35}},"59":{"start":{"line":93,"column":4},"end":{"line":93,"column":67}},"60":{"start":{"line":94,"column":4},"end":{"line":94,"column":68}},"61":{"start":{"line":94,"column":31},"end":{"line":94,"column":67}},"62":{"start":{"line":95,"column":4},"end":{"line":95,"column":48}},"63":{"start":{"line":99,"column":29},"end":{"line":99,"column":70}},"64":{"start":{"line":100,"column":4},"end":{"line":100,"column":34}},"65":{"start":{"line":100,"column":27},"end":{"line":100,"column":34}},"66":{"start":{"line":102,"column":4},"end":{"line":102,"column":36}},"67":{"start":{"line":103,"column":4},"end":{"line":108,"column":7}},"68":{"start":{"line":104,"column":20},"end":{"line":104,"column":49}},"69":{"start":{"line":105,"column":8},"end":{"line":105,"column":40}},"70":{"start":{"line":106,"column":8},"end":{"line":106,"column":66}},"71":{"start":{"line":107,"column":8},"end":{"line":107,"column":42}},"72":{"start":{"line":111,"column":0},"end":{"line":145,"column":3}},"73":{"start":{"line":112,"column":22},"end":{"line":112,"column":59}},"74":{"start":{"line":113,"column":33},"end":{"line":113,"column":71}},"75":{"start":{"line":115,"column":4},"end":{"line":144,"column":5}},"76":{"start":{"line":116,"column":8},"end":{"line":116,"column":67}},"77":{"start":{"line":117,"column":8},"end":{"line":131,"column":11}},"78":{"start":{"line":118,"column":12},"end":{"line":118,"column":46}},"79":{"start":{"line":118,"column":39},"end":{"line":118,"column":46}},"80":{"start":{"line":119,"column":26},"end":{"line":119,"column":43}},"81":{"start":{"line":120,"column":12},"end":{"line":125,"column":13}},"82":{"start":{"line":121,"column":16},"end":{"line":121,"column":52}},"83":{"start":{"line":122,"column":16},"end":{"line":122,"column":60}},"84":{"start":{"line":123,"column":16},"end":{"line":123,"column":89}},"85":{"start":{"line":124,"column":16},"end":{"line":124,"column":23}},"86":{"start":{"line":127,"column":12},"end":{"line":127,"column":42}},"87":{"start":{"line":128,"column":12},"end":{"line":130,"column":20}},"88":{"start":{"line":129,"column":16},"end":{"line":129,"column":44}},"89":{"start":{"line":133,"column":8},"end":{"line":143,"column":11}},"90":{"start":{"line":134,"column":12},"end":{"line":134,"column":47}},"91":{"start":{"line":135,"column":12},"end":{"line":142,"column":13}},"92":{"start":{"line":136,"column":30},"end":{"line":136,"column":47}},"93":{"start":{"line":137,"column":16},"end":{"line":141,"column":17}},"94":{"start":{"line":138,"column":20},"end":{"line":138,"column":66}},"95":{"start":{"line":139,"column":20},"end":{"line":139,"column":43}},"96":{"start":{"line":140,"column":20},"end":{"line":140,"column":92}},"97":{"start":{"line":148,"column":4},"end":{"line":148,"column":49}},"98":{"start":{"line":150,"column":33},"end":{"line":150,"column":71}},"99":{"start":{"line":153,"column":4},"end":{"line":193,"column":5}},"100":{"start":{"line":155,"column":25},"end":{"line":157,"column":10}},"101":{"start":{"line":158,"column":8},"end":{"line":158,"column":44}},"102":{"start":{"line":159,"column":28},"end":{"line":159,"column":41}},"103":{"start":{"line":161,"column":8},"end":{"line":190,"column":9}},"104":{"start":{"line":162,"column":12},"end":{"line":162,"column":57}},"105":{"start":{"line":163,"column":12},"end":{"line":187,"column":15}},"106":{"start":{"line":164,"column":28},"end":{"line":164,"column":57}},"107":{"start":{"line":165,"column":16},"end":{"line":165,"column":50}},"108":{"start":{"line":167,"column":29},"end":{"line":167,"column":56}},"109":{"start":{"line":168,"column":16},"end":{"line":168,"column":119}},"110":{"start":{"line":170,"column":29},"end":{"line":170,"column":59}},"111":{"start":{"line":171,"column":16},"end":{"line":171,"column":65}},"112":{"start":{"line":172,"column":16},"end":{"line":172,"column":51}},"113":{"start":{"line":174,"column":16},"end":{"line":174,"column":38}},"114":{"start":{"line":175,"column":16},"end":{"line":175,"column":38}},"115":{"start":{"line":177,"column":16},"end":{"line":184,"column":18}},"116":{"start":{"line":178,"column":38},"end":{"line":178,"column":75}},"117":{"start":{"line":179,"column":20},"end":{"line":181,"column":21}},"118":{"start":{"line":180,"column":24},"end":{"line":180,"column":72}},"119":{"start":{"line":182,"column":20},"end":{"line":182,"column":56}},"120":{"start":{"line":183,"column":20},"end":{"line":183,"column":64}},"121":{"start":{"line":186,"column":16},"end":{"line":186,"column":54}},"122":{"start":{"line":189,"column":12},"end":{"line":189,"column":56}},"123":{"start":{"line":192,"column":8},"end":{"line":192,"column":20}},"124":{"start":{"line":199,"column":4},"end":{"line":205,"column":5}},"125":{"start":{"line":200,"column":8},"end":{"line":202,"column":11}},"126":{"start":{"line":204,"column":8},"end":{"line":204,"column":54}},"127":{"start":{"line":209,"column":22},"end":{"line":209,"column":59}},"128":{"start":{"line":210,"column":20},"end":{"line":210,"column":55}},"129":{"start":{"line":212,"column":4},"end":{"line":212,"column":25}},"130":{"start":{"line":212,"column":18},"end":{"line":212,"column":25}},"131":{"start":{"line":214,"column":4},"end":{"line":217,"column":5}},"132":{"start":{"line":215,"column":8},"end":{"line":215,"column":39}},"133":{"start":{"line":216,"column":8},"end":{"line":216,"column":15}},"134":{"start":{"line":219,"column":30},"end":{"line":219,"column":88}},"135":{"start":{"line":220,"column":24},"end":{"line":220,"column":47}},"136":{"start":{"line":222,"column":4},"end":{"line":222,"column":35}},"137":{"start":{"line":223,"column":4},"end":{"line":223,"column":31}},"138":{"start":{"line":224,"column":4},"end":{"line":224,"column":39}},"139":{"start":{"line":226,"column":4},"end":{"line":234,"column":7}},"140":{"start":{"line":227,"column":8},"end":{"line":233,"column":9}},"141":{"start":{"line":228,"column":12},"end":{"line":228,"column":48}},"142":{"start":{"line":229,"column":12},"end":{"line":229,"column":32}},"143":{"start":{"line":231,"column":12},"end":{"line":231,"column":51}},"144":{"start":{"line":232,"column":12},"end":{"line":232,"column":31}},"145":{"start":{"line":236,"column":4},"end":{"line":243,"column":6}},"146":{"start":{"line":237,"column":8},"end":{"line":242,"column":9}},"147":{"start":{"line":238,"column":12},"end":{"line":238,"column":61}},"148":{"start":{"line":239,"column":12},"end":{"line":241,"column":21}},"149":{"start":{"line":240,"column":16},"end":{"line":240,"column":98}},"150":{"start":{"line":245,"column":4},"end":{"line":245,"column":71}},"151":{"start":{"line":245,"column":32},"end":{"line":245,"column":70}},"152":{"start":{"line":246,"column":4},"end":{"line":246,"column":69}},"153":{"start":{"line":246,"column":30},"end":{"line":246,"column":68}},"154":{"start":{"line":248,"column":4},"end":{"line":248,"column":23}},"155":{"start":{"line":250,"column":0},"end":{"line":252,"column":3}},"156":{"start":{"line":251,"column":4},"end":{"line":251,"column":22}}},"fnMap":{"0":{"name":"(anonymous_0)","decl":{"start":{"line":8,"column":46},"end":{"line":8,"column":47}},"loc":{"start":{"line":8,"column":58},"end":{"line":17,"column":1}},"line":8},"1":{"name":"fetchResults","decl":{"start":{"line":21,"column":22},"end":{"line":21,"column":34}},"loc":{"start":{"line":21,"column":48},"end":{"line":51,"column":1}},"line":21},"2":{"name":"renderPagination","decl":{"start":{"line":54,"column":16},"end":{"line":54,"column":32}},"loc":{"start":{"line":54,"column":65},"end":{"line":96,"column":1}},"line":54},"3":{"name":"(anonymous_3)","decl":{"start":{"line":75,"column":25},"end":{"line":75,"column":26}},"loc":{"start":{"line":75,"column":31},"end":{"line":75,"column":67}},"line":75},"4":{"name":"(anonymous_4)","decl":{"start":{"line":83,"column":27},"end":{"line":83,"column":28}},"loc":{"start":{"line":83,"column":33},"end":{"line":83,"column":55}},"line":83},"5":{"name":"(anonymous_5)","decl":{"start":{"line":94,"column":25},"end":{"line":94,"column":26}},"loc":{"start":{"line":94,"column":31},"end":{"line":94,"column":67}},"line":94},"6":{"name":"renderResults","decl":{"start":{"line":98,"column":16},"end":{"line":98,"column":29}},"loc":{"start":{"line":98,"column":39},"end":{"line":109,"column":1}},"line":98},"7":{"name":"(anonymous_7)","decl":{"start":{"line":103,"column":20},"end":{"line":103,"column":21}},"loc":{"start":{"line":103,"column":32},"end":{"line":108,"column":5}},"line":103},"8":{"name":"(anonymous_8)","decl":{"start":{"line":111,"column":46},"end":{"line":111,"column":47}},"loc":{"start":{"line":111,"column":52},"end":{"line":145,"column":1}},"line":111},"9":{"name":"(anonymous_9)","decl":{"start":{"line":117,"column":44},"end":{"line":117,"column":45}},"loc":{"start":{"line":117,"column":56},"end":{"line":131,"column":9}},"line":117},"10":{"name":"(anonymous_10)","decl":{"start":{"line":128,"column":41},"end":{"line":128,"column":42}},"loc":{"start":{"line":128,"column":59},"end":{"line":130,"column":13}},"line":128},"11":{"name":"(anonymous_11)","decl":{"start":{"line":133,"column":46},"end":{"line":133,"column":47}},"loc":{"start":{"line":133,"column":65},"end":{"line":143,"column":9}},"line":133},"12":{"name":"getSuggestions","decl":{"start":{"line":147,"column":22},"end":{"line":147,"column":36}},"loc":{"start":{"line":147,"column":44},"end":{"line":194,"column":1}},"line":147},"13":{"name":"(anonymous_13)","decl":{"start":{"line":163,"column":32},"end":{"line":163,"column":33}},"loc":{"start":{"line":163,"column":48},"end":{"line":187,"column":13}},"line":163},"14":{"name":"(anonymous_14)","decl":{"start":{"line":177,"column":30},"end":{"line":177,"column":31}},"loc":{"start":{"line":177,"column":36},"end":{"line":184,"column":17}},"line":177},"15":{"name":"logSearch","decl":{"start":{"line":198,"column":22},"end":{"line":198,"column":31}},"loc":{"start":{"line":198,"column":39},"end":{"line":206,"column":1}},"line":198},"16":{"name":"setupMicrophone","decl":{"start":{"line":208,"column":16},"end":{"line":208,"column":31}},"loc":{"start":{"line":208,"column":34},"end":{"line":249,"column":1}},"line":208},"17":{"name":"(anonymous_17)","decl":{"start":{"line":226,"column":38},"end":{"line":226,"column":39}},"loc":{"start":{"line":226,"column":44},"end":{"line":234,"column":5}},"line":226},"18":{"name":"(anonymous_18)","decl":{"start":{"line":236,"column":27},"end":{"line":236,"column":28}},"loc":{"start":{"line":236,"column":38},"end":{"line":243,"column":5}},"line":236},"19":{"name":"(anonymous_19)","decl":{"start":{"line":239,"column":23},"end":{"line":239,"column":24}},"loc":{"start":{"line":239,"column":29},"end":{"line":241,"column":13}},"line":239},"20":{"name":"(anonymous_20)","decl":{"start":{"line":245,"column":26},"end":{"line":245,"column":27}},"loc":{"start":{"line":245,"column":32},"end":{"line":245,"column":70}},"line":245},"21":{"name":"(anonymous_21)","decl":{"start":{"line":246,"column":24},"end":{"line":246,"column":25}},"loc":{"start":{"line":246,"column":30},"end":{"line":246,"column":68}},"line":246},"22":{"name":"(anonymous_22)","decl":{"start":{"line":250,"column":46},"end":{"line":250,"column":47}},"loc":{"start":{"line":250,"column":52},"end":{"line":252,"column":1}},"line":250}},"branchMap":{"0":{"loc":{"start":{"line":13,"column":4},"end":{"line":16,"column":5}},"type":"if","locations":[{"start":{"line":13,"column":4},"end":{"line":16,"column":5}},{"start":{},"end":{}}],"line":13},"1":{"loc":{"start":{"line":13,"column":8},"end":{"line":13,"column":26}},"type":"binary-expr","locations":[{"start":{"line":13,"column":8},"end":{"line":13,"column":13}},{"start":{"line":13,"column":17},"end":{"line":13,"column":26}}],"line":13},"2":{"loc":{"start":{"line":27,"column":8},"end":{"line":32,"column":9}},"type":"if","locations":[{"start":{"line":27,"column":8},"end":{"line":32,"column":9}},{"start":{},"end":{}}],"line":27},"3":{"loc":{"start":{"line":27,"column":12},"end":{"line":27,"column":44}},"type":"binary-expr","locations":[{"start":{"line":27,"column":12},"end":{"line":27,"column":22}},{"start":{"line":27,"column":26},"end":{"line":27,"column":44}}],"line":27},"4":{"loc":{"start":{"line":56,"column":4},"end":{"line":56,"column":37}},"type":"if","locations":[{"start":{"line":56,"column":4},"end":{"line":56,"column":37}},{"start":{},"end":{}}],"line":56},"5":{"loc":{"start":{"line":60,"column":4},"end":{"line":60,"column":32}},"type":"if","locations":[{"start":{"line":60,"column":4},"end":{"line":60,"column":32}},{"start":{},"end":{}}],"line":60},"6":{"loc":{"start":{"line":66,"column":4},"end":{"line":68,"column":5}},"type":"if","locations":[{"start":{"line":66,"column":4},"end":{"line":68,"column":5}},{"start":{},"end":{}}],"line":66},"7":{"loc":{"start":{"line":72,"column":4},"end":{"line":74,"column":5}},"type":"if","locations":[{"start":{"line":72,"column":4},"end":{"line":74,"column":5}},{"start":{},"end":{}}],"line":72},"8":{"loc":{"start":{"line":82,"column":29},"end":{"line":82,"column":62}},"type":"cond-expr","locations":[{"start":{"line":82,"column":49},"end":{"line":82,"column":57}},{"start":{"line":82,"column":60},"end":{"line":82,"column":62}}],"line":82},"9":{"loc":{"start":{"line":90,"column":4},"end":{"line":92,"column":5}},"type":"if","locations":[{"start":{"line":90,"column":4},"end":{"line":92,"column":5}},{"start":{},"end":{}}],"line":90},"10":{"loc":{"start":{"line":100,"column":4},"end":{"line":100,"column":34}},"type":"if","locations":[{"start":{"line":100,"column":4},"end":{"line":100,"column":34}},{"start":{},"end":{}}],"line":100},"11":{"loc":{"start":{"line":115,"column":4},"end":{"line":144,"column":5}},"type":"if","locations":[{"start":{"line":115,"column":4},"end":{"line":144,"column":5}},{"start":{},"end":{}}],"line":115},"12":{"loc":{"start":{"line":118,"column":12},"end":{"line":118,"column":46}},"type":"if","locations":[{"start":{"line":118,"column":12},"end":{"line":118,"column":46}},{"start":{},"end":{}}],"line":118},"13":{"loc":{"start":{"line":120,"column":12},"end":{"line":125,"column":13}},"type":"if","locations":[{"start":{"line":120,"column":12},"end":{"line":125,"column":13}},{"start":{},"end":{}}],"line":120},"14":{"loc":{"start":{"line":120,"column":16},"end":{"line":120,"column":57}},"type":"binary-expr","locations":[{"start":{"line":120,"column":16},"end":{"line":120,"column":22}},{"start":{"line":120,"column":26},"end":{"line":120,"column":57}}],"line":120},"15":{"loc":{"start":{"line":135,"column":12},"end":{"line":142,"column":13}},"type":"if","locations":[{"start":{"line":135,"column":12},"end":{"line":142,"column":13}},{"start":{},"end":{}}],"line":135},"16":{"loc":{"start":{"line":137,"column":16},"end":{"line":141,"column":17}},"type":"if","locations":[{"start":{"line":137,"column":16},"end":{"line":141,"column":17}},{"start":{},"end":{}}],"line":137},"17":{"loc":{"start":{"line":161,"column":8},"end":{"line":190,"column":9}},"type":"if","locations":[{"start":{"line":161,"column":8},"end":{"line":190,"column":9}},{"start":{"line":188,"column":15},"end":{"line":190,"column":9}}],"line":161},"18":{"loc":{"start":{"line":161,"column":12},"end":{"line":161,"column":49}},"type":"binary-expr","locations":[{"start":{"line":161,"column":12},"end":{"line":161,"column":23}},{"start":{"line":161,"column":27},"end":{"line":161,"column":49}}],"line":161},"19":{"loc":{"start":{"line":168,"column":33},"end":{"line":168,"column":118}},"type":"cond-expr","locations":[{"start":{"line":168,"column":56},"end":{"line":168,"column":85}},{"start":{"line":168,"column":88},"end":{"line":168,"column":118}}],"line":168},"20":{"loc":{"start":{"line":171,"column":35},"end":{"line":171,"column":64}},"type":"binary-expr","locations":[{"start":{"line":171,"column":35},"end":{"line":171,"column":50}},{"start":{"line":171,"column":54},"end":{"line":171,"column":64}}],"line":171},"21":{"loc":{"start":{"line":179,"column":20},"end":{"line":181,"column":21}},"type":"if","locations":[{"start":{"line":179,"column":20},"end":{"line":181,"column":21}},{"start":{},"end":{}}],"line":179},"22":{"loc":{"start":{"line":180,"column":42},"end":{"line":180,"column":71}},"type":"binary-expr","locations":[{"start":{"line":180,"column":42},"end":{"line":180,"column":57}},{"start":{"line":180,"column":61},"end":{"line":180,"column":71}}],"line":180},"23":{"loc":{"start":{"line":212,"column":4},"end":{"line":212,"column":25}},"type":"if","locations":[{"start":{"line":212,"column":4},"end":{"line":212,"column":25}},{"start":{},"end":{}}],"line":212},"24":{"loc":{"start":{"line":214,"column":4},"end":{"line":217,"column":5}},"type":"if","locations":[{"start":{"line":214,"column":4},"end":{"line":217,"column":5}},{"start":{},"end":{}}],"line":214},"25":{"loc":{"start":{"line":214,"column":10},"end":{"line":214,"column":78}},"type":"binary-expr","locations":[{"start":{"line":214,"column":10},"end":{"line":214,"column":45}},{"start":{"line":214,"column":49},"end":{"line":214,"column":78}}],"line":214},"26":{"loc":{"start":{"line":219,"column":30},"end":{"line":219,"column":88}},"type":"binary-expr","locations":[{"start":{"line":219,"column":30},"end":{"line":219,"column":54}},{"start":{"line":219,"column":58},"end":{"line":219,"column":88}}],"line":219},"27":{"loc":{"start":{"line":227,"column":8},"end":{"line":233,"column":9}},"type":"if","locations":[{"start":{"line":227,"column":8},"end":{"line":233,"column":9}},{"start":{"line":230,"column":15},"end":{"line":233,"column":9}}],"line":227},"28":{"loc":{"start":{"line":237,"column":8},"end":{"line":242,"column":9}},"type":"if","locations":[{"start":{"line":237,"column":8},"end":{"line":242,"column":9}},{"start":{},"end":{}}],"line":237}},"s":{"0":1,"1":1,"2":1,"3":5,"4":5,"5":5,"6":5,"7":3,"8":3,"9":1,"10":15,"11":15,"12":15,"13":15,"14":15,"15":1,"16":1,"17":1,"18":1,"19":14,"20":14,"21":11,"22":11,"23":11,"24":11,"25":11,"26":11,"27":3,"28":3,"29":20,"30":20,"31":8,"32":12,"33":12,"34":3,"35":9,"36":9,"37":9,"38":9,"39":2,"40":9,"41":9,"42":9,"43":2,"44":9,"45":1,"46":9,"47":9,"48":9,"49":43,"50":43,"51":43,"52":43,"53":1,"54":43,"55":9,"56":9,"57":9,"58":1,"59":9,"60":9,"61":1,"62":9,"63":13,"64":13,"65":5,"66":8,"67":8,"68":10,"69":10,"70":10,"71":10,"72":1,"73":5,"74":5,"75":5,"76":5,"77":5,"78":5,"79":1,"80":4,"81":4,"82":1,"83":1,"84":1,"85":1,"86":3,"87":3,"88":1,"89":5,"90":1,"91":1,"92":1,"93":1,"94":1,"95":1,"96":1,"97":7,"98":7,"99":7,"100":7,"101":6,"102":6,"103":6,"104":5,"105":5,"106":7,"107":7,"108":7,"109":7,"110":7,"111":7,"112":7,"113":7,"114":7,"115":7,"116":1,"117":1,"118":1,"119":1,"120":1,"121":7,"122":1,"123":1,"124":2,"125":2,"126":2,"127":12,"128":12,"129":12,"130":5,"131":7,"132":1,"133":1,"134":6,"135":6,"136":6,"137":6,"138":6,"139":6,"140":4,"141":2,"142":2,"143":2,"144":2,"145":6,"146":1,"147":1,"148":1,"149":1,"150":6,"151":1,"152":6,"153":1,"154":6,"155":1,"156":5},"f":{"0":5,"1":15,"2":20,"3":1,"4":1,"5":1,"6":13,"7":10,"8":5,"9":5,"10":1,"11":1,"12":7,"13":7,"14":1,"15":2,"16":12,"17":4,"18":1,"19":1,"20":1,"21":1,"22":5},"b":{"0":[3,2],"1":[5,3],"2":[1,14],"3":[15,1],"4":[8,12],"5":[3,9],"6":[2,7],"7":[2,7],"8":[9,34],"9":[1,8],"10":[5,8],"11":[5,0],"12":[1,4],"13":[1,3],"14":[4,4],"15":[1,0],"16":[1,0],"17":[5,1],"18":[6,6],"19":[1,6],"20":[7,4],"21":[1,0],"22":[1,0],"23":[5,7],"24":[1,6],"25":[7,7],"26":[6,0],"27":[2,2],"28":[1,0]},"_coverageSchema":"1a1c01bbd47fc00a2c39e90264f33305004495a9","hash":"2fe4b40aaf27f50308d9d0665a957ff920a5d68d"}
}
