TN:
SF:config.mjs
FNF:0
FNH:0
DA:1,1
LF:1
LH:1
BRF:0
BRH:0
end_of_record
TN:
SF:script.mjs
FN:8,(anonymous_0)
FN:21,fetchResults
FN:54,renderPagination
FN:75,(anonymous_3)
FN:83,(anonymous_4)
FN:94,(anonymous_5)
FN:98,renderResults
FN:103,(anonymous_7)
FN:111,(anonymous_8)
FN:116,(anonymous_9)
FN:127,(anonymous_10)
FN:132,(anonymous_11)
FN:144,getSuggestions
FN:158,(anonymous_13)
FN:172,(anonymous_14)
FN:193,logSearch
FN:203,setupMicrophone
FN:221,(anonymous_17)
FN:231,(anonymous_18)
FN:234,(anonymous_19)
FN:240,(anonymous_20)
FN:241,(anonymous_21)
FN:245,(anonymous_22)
FNF:23
FNH:13
FNDA:1,(anonymous_0)
FNDA:11,fetchResults
FNDA:9,renderPagination
FNDA:0,(anonymous_3)
FNDA:1,(anonymous_4)
FNDA:0,(anonymous_5)
FNDA:7,renderResults
FNDA:7,(anonymous_7)
FNDA:1,(anonymous_8)
FNDA:0,(anonymous_9)
FNDA:0,(anonymous_10)
FNDA:0,(anonymous_11)
FNDA:3,getSuggestions
FNDA:4,(anonymous_13)
FNDA:0,(anonymous_14)
FNDA:1,logSearch
FNDA:2,setupMicrophone
FNDA:2,(anonymous_17)
FNDA:0,(anonymous_18)
FNDA:0,(anonymous_19)
FNDA:0,(anonymous_20)
FNDA:0,(anonymous_21)
FNDA:1,(anonymous_22)
DA:4,1
DA:6,1
DA:8,1
DA:9,1
DA:10,1
DA:11,1
DA:13,1
DA:14,1
DA:15,1
DA:19,1
DA:22,11
DA:23,11
DA:24,11
DA:25,11
DA:27,11
DA:28,1
DA:29,1
DA:30,1
DA:31,1
DA:34,10
DA:35,10
DA:39,6
DA:40,6
DA:42,6
DA:43,6
DA:45,6
DA:46,6
DA:48,4
DA:49,4
DA:55,9
DA:56,9
DA:58,3
DA:60,3
DA:62,2
DA:63,2
DA:64,2
DA:66,2
DA:67,1
DA:69,2
DA:70,2
DA:72,2
DA:73,1
DA:75,2
DA:76,2
DA:79,2
DA:80,8
DA:81,8
DA:82,8
DA:83,8
DA:84,8
DA:87,2
DA:88,2
DA:90,2
DA:91,0
DA:93,2
DA:94,2
DA:95,2
DA:99,7
DA:100,7
DA:102,6
DA:103,6
DA:104,7
DA:105,7
DA:106,7
DA:107,7
DA:111,1
DA:112,1
DA:113,1
DA:115,1
DA:116,1
DA:117,0
DA:118,0
DA:119,0
DA:120,0
DA:121,0
DA:122,0
DA:123,0
DA:126,0
DA:127,0
DA:128,0
DA:132,1
DA:133,0
DA:134,0
DA:135,0
DA:136,0
DA:137,0
DA:145,3
DA:148,3
DA:150,3
DA:153,2
DA:154,2
DA:156,2
DA:157,2
DA:158,2
DA:159,4
DA:160,4
DA:162,4
DA:163,4
DA:165,4
DA:166,4
DA:167,4
DA:169,4
DA:170,4
DA:172,4
DA:173,0
DA:174,0
DA:175,0
DA:177,0
DA:178,0
DA:181,4
DA:184,0
DA:187,1
DA:194,1
DA:195,1
DA:199,1
DA:204,2
DA:205,2
DA:207,2
DA:209,1
DA:210,0
DA:211,0
DA:214,1
DA:215,1
DA:217,1
DA:218,1
DA:219,1
DA:221,1
DA:222,2
DA:223,1
DA:224,1
DA:226,1
DA:227,1
DA:231,1
DA:232,0
DA:233,0
DA:234,0
DA:235,0
DA:240,1
DA:241,1
DA:243,1
DA:245,1
DA:246,1
LF:142
LH:114
BRDA:13,0,0,1
BRDA:13,0,1,0
BRDA:13,1,0,1
BRDA:13,1,1,1
BRDA:27,2,0,1
BRDA:27,2,1,10
BRDA:27,3,0,11
BRDA:27,3,1,1
BRDA:56,4,0,6
BRDA:56,4,1,3
BRDA:60,5,0,1
BRDA:60,5,1,2
BRDA:66,6,0,1
BRDA:66,6,1,1
BRDA:72,7,0,1
BRDA:72,7,1,1
BRDA:82,8,0,2
BRDA:82,8,1,6
BRDA:90,9,0,0
BRDA:90,9,1,2
BRDA:100,10,0,1
BRDA:100,10,1,6
BRDA:115,11,0,1
BRDA:115,11,1,0
BRDA:117,12,0,0
BRDA:117,12,1,0
BRDA:119,13,0,0
BRDA:119,13,1,0
BRDA:119,14,0,0
BRDA:119,14,1,0
BRDA:133,15,0,0
BRDA:133,15,1,0
BRDA:135,16,0,0
BRDA:135,16,1,0
BRDA:156,17,0,2
BRDA:156,17,1,0
BRDA:156,18,0,2
BRDA:156,18,1,2
BRDA:163,19,0,0
BRDA:163,19,1,4
BRDA:166,20,0,4
BRDA:166,20,1,4
BRDA:174,21,0,0
BRDA:174,21,1,0
BRDA:175,22,0,0
BRDA:175,22,1,0
BRDA:207,23,0,1
BRDA:207,23,1,1
BRDA:209,24,0,0
BRDA:209,24,1,1
BRDA:209,25,0,1
BRDA:209,25,1,1
BRDA:214,26,0,1
BRDA:214,26,1,0
BRDA:222,27,0,1
BRDA:222,27,1,1
BRDA:232,28,0,0
BRDA:232,28,1,0
BRF:58
BRH:35
end_of_record
