TN:
SF:config.mjs
FNF:0
FNH:0
DA:1,1
LF:1
LH:1
BRF:0
BRH:0
end_of_record
TN:
SF:script.mjs
FN:8,(anonymous_0)
FN:21,fetchResults
FN:54,renderPagination
FN:75,(anonymous_3)
FN:83,(anonymous_4)
FN:94,(anonymous_5)
FN:98,renderResults
FN:103,(anonymous_7)
FN:111,(anonymous_8)
FN:117,(anonymous_9)
FN:128,(anonymous_10)
FN:133,(anonymous_11)
FN:147,getSuggestions
FN:163,(anonymous_13)
FN:177,(anonymous_14)
FN:198,logSearch
FN:208,setupMicrophone
FN:226,(anonymous_17)
FN:236,(anonymous_18)
FN:239,(anonymous_19)
FN:245,(anonymous_20)
FN:246,(anonymous_21)
FN:250,(anonymous_22)
FNF:23
FNH:23
FNDA:5,(anonymous_0)
FNDA:15,fetchResults
FNDA:20,renderPagination
FNDA:1,(anonymous_3)
FNDA:1,(anonymous_4)
FNDA:1,(anonymous_5)
FNDA:13,renderResults
FNDA:10,(anonymous_7)
FNDA:5,(anonymous_8)
FNDA:5,(anonymous_9)
FNDA:1,(anonymous_10)
FNDA:1,(anonymous_11)
FNDA:7,getSuggestions
FNDA:7,(anonymous_13)
FNDA:1,(anonymous_14)
FNDA:2,logSearch
FNDA:12,setupMicrophone
FNDA:4,(anonymous_17)
FNDA:1,(anonymous_18)
FNDA:1,(anonymous_19)
FNDA:1,(anonymous_20)
FNDA:1,(anonymous_21)
FNDA:5,(anonymous_22)
DA:4,1
DA:6,1
DA:8,1
DA:9,5
DA:10,5
DA:11,5
DA:13,5
DA:14,3
DA:15,3
DA:19,1
DA:22,15
DA:23,15
DA:24,15
DA:25,15
DA:27,15
DA:28,1
DA:29,1
DA:30,1
DA:31,1
DA:34,14
DA:35,14
DA:39,11
DA:40,11
DA:42,11
DA:43,11
DA:45,11
DA:46,11
DA:48,3
DA:49,3
DA:55,20
DA:56,20
DA:58,12
DA:60,12
DA:62,9
DA:63,9
DA:64,9
DA:66,9
DA:67,2
DA:69,9
DA:70,9
DA:72,9
DA:73,2
DA:75,9
DA:76,9
DA:79,9
DA:80,43
DA:81,43
DA:82,43
DA:83,43
DA:84,43
DA:87,9
DA:88,9
DA:90,9
DA:91,1
DA:93,9
DA:94,9
DA:95,9
DA:99,13
DA:100,13
DA:102,8
DA:103,8
DA:104,10
DA:105,10
DA:106,10
DA:107,10
DA:111,1
DA:112,5
DA:113,5
DA:115,5
DA:116,5
DA:117,5
DA:118,5
DA:119,4
DA:120,4
DA:121,1
DA:122,1
DA:123,1
DA:124,1
DA:127,3
DA:128,3
DA:129,1
DA:133,5
DA:134,1
DA:135,1
DA:136,1
DA:137,1
DA:138,1
DA:139,1
DA:140,1
DA:148,7
DA:150,7
DA:153,7
DA:155,7
DA:158,6
DA:159,6
DA:161,6
DA:162,5
DA:163,5
DA:164,7
DA:165,7
DA:167,7
DA:168,7
DA:170,7
DA:171,7
DA:172,7
DA:174,7
DA:175,7
DA:177,7
DA:178,1
DA:179,1
DA:180,1
DA:182,1
DA:183,1
DA:186,7
DA:189,1
DA:192,1
DA:199,2
DA:200,2
DA:204,2
DA:209,12
DA:210,12
DA:212,12
DA:214,7
DA:215,1
DA:216,1
DA:219,6
DA:220,6
DA:222,6
DA:223,6
DA:224,6
DA:226,6
DA:227,4
DA:228,2
DA:229,2
DA:231,2
DA:232,2
DA:236,6
DA:237,1
DA:238,1
DA:239,1
DA:240,1
DA:245,6
DA:246,6
DA:248,6
DA:250,1
DA:251,5
LF:146
LH:146
BRDA:13,0,0,3
BRDA:13,0,1,2
BRDA:13,1,0,5
BRDA:13,1,1,3
BRDA:27,2,0,1
BRDA:27,2,1,14
BRDA:27,3,0,15
BRDA:27,3,1,1
BRDA:56,4,0,8
BRDA:56,4,1,12
BRDA:60,5,0,3
BRDA:60,5,1,9
BRDA:66,6,0,2
BRDA:66,6,1,7
BRDA:72,7,0,2
BRDA:72,7,1,7
BRDA:82,8,0,9
BRDA:82,8,1,34
BRDA:90,9,0,1
BRDA:90,9,1,8
BRDA:100,10,0,5
BRDA:100,10,1,8
BRDA:115,11,0,5
BRDA:115,11,1,0
BRDA:118,12,0,1
BRDA:118,12,1,4
BRDA:120,13,0,1
BRDA:120,13,1,3
BRDA:120,14,0,4
BRDA:120,14,1,4
BRDA:135,15,0,1
BRDA:135,15,1,0
BRDA:137,16,0,1
BRDA:137,16,1,0
BRDA:161,17,0,5
BRDA:161,17,1,1
BRDA:161,18,0,6
BRDA:161,18,1,6
BRDA:168,19,0,1
BRDA:168,19,1,6
BRDA:171,20,0,7
BRDA:171,20,1,4
BRDA:179,21,0,1
BRDA:179,21,1,0
BRDA:180,22,0,1
BRDA:180,22,1,0
BRDA:212,23,0,5
BRDA:212,23,1,7
BRDA:214,24,0,1
BRDA:214,24,1,6
BRDA:214,25,0,7
BRDA:214,25,1,7
BRDA:219,26,0,6
BRDA:219,26,1,0
BRDA:227,27,0,2
BRDA:227,27,1,2
BRDA:237,28,0,1
BRDA:237,28,1,0
BRF:58
BRH:51
end_of_record
